<?xml version="1.0" encoding="UTF-8"?>
<!-- Generated by org.testng.reporters.JUnitReportReporter -->
<testsuite skipped="0" hostname="LAPTOP-A66B7O37" name="com.qa.hubspot.tests.LoginPageTest" tests="3" failures="0" timestamp="2020-05-26T18:59:36 IST" time="9.838" errors="0">
  <testcase name="veriySignUpLinkTest" time="9.426" classname="com.qa.hubspot.tests.LoginPageTest"/>
  <system-out/>
  <testcase name="verifyLoginPageTitleTest" time="0.006" classname="com.qa.hubspot.tests.LoginPageTest"/>
  <system-out/>
  <testcase name="loginTest" time="0.406" classname="com.qa.hubspot.tests.LoginPageTest"/>
  <system-out/>
</testsuite> <!-- com.qa.hubspot.tests.LoginPageTest -->
